Copyright 1986-2019 Xilinx, Inc. All Rights Reserved.
----------------------------------------------------------------------------------------
| Tool Version     : Vivado v.2019.2 (lin64) Build 2708876 Wed Nov  6 21:39:14 MST 2019
| Date             : Thu Feb 10 14:14:31 2022
| Host             : gmojicar-Lenovo-YOGA-520-14IKB running 64-bit Ubuntu 18.04.6 LTS
| Command          : report_power -file nexys4ddr_power.rpt
| Design           : nexys4ddr
| Device           : xc7a100tcsg324-1
| Design State     : routed
| Grade            : commercial
| Process          : typical
| Characterization : Production
----------------------------------------------------------------------------------------

Power Report

Table of Contents
-----------------
1. Summary
1.1 On-Chip Components
1.2 Power Supply Summary
1.3 Confidence Level
2. Settings
2.1 Environment
2.2 Clock Constraints
3. Detailed Reports
3.1 By Hierarchy

1. Summary
----------

+--------------------------+----------------------------------+
| Total On-Chip Power (W)  | 38.297 (Junction temp exceeded!) |
| Design Power Budget (W)  | Unspecified*                     |
| Power Budget Margin (W)  | NA                               |
| Dynamic (W)              | 37.485                           |
| Device Static (W)        | 0.813                            |
| Effective TJA (C/W)      | 4.6                              |
| Max Ambient (C)          | 0.0                              |
| Junction Temperature (C) | 125.0                            |
| Confidence Level         | Low                              |
| Setting File             | ---                              |
| Simulation Activity File | ---                              |
| Design Nets Matched      | NA                               |
+--------------------------+----------------------------------+
* Specify Design Power Budget using, set_operating_conditions -design_power_budget <value in Watts>


1.1 On-Chip Components
----------------------

+--------------------------+-----------+----------+-----------+-----------------+
| On-Chip                  | Power (W) | Used     | Available | Utilization (%) |
+--------------------------+-----------+----------+-----------+-----------------+
| Slice Logic              |    10.719 |     6048 |       --- |             --- |
|   LUT as Logic           |     9.097 |     3024 |     63400 |            4.77 |
|   CARRY4                 |     1.085 |      321 |     15850 |            2.03 |
|   Register               |     0.261 |     1953 |    126800 |            1.54 |
|   LUT as Distributed RAM |     0.247 |      112 |     19000 |            0.59 |
|   BUFG                   |     0.029 |        5 |        32 |           15.63 |
|   Others                 |     0.000 |       29 |       --- |             --- |
| Signals                  |    11.447 |     4782 |       --- |             --- |
| Block RAM                |     3.205 |       26 |       135 |           19.26 |
| MMCM                     |     4.086 |        1 |         6 |           16.67 |
| DSPs                     |     0.937 |        2 |       240 |            0.83 |
| I/O                      |     7.089 |       57 |       210 |           27.14 |
| Static Power             |     0.813 |          |           |                 |
| Total                    |    38.297 |          |           |                 |
+--------------------------+-----------+----------+-----------+-----------------+


1.2 Power Supply Summary
------------------------

+-----------+-------------+-----------+-------------+------------+
| Source    | Voltage (V) | Total (A) | Dynamic (A) | Static (A) |
+-----------+-------------+-----------+-------------+------------+
| Vccint    |       1.000 |    26.723 |      26.153 |      0.570 |
| Vccaux    |       1.800 |     2.605 |       2.512 |      0.093 |
| Vcco33    |       3.300 |     1.986 |       1.982 |      0.004 |
| Vcco25    |       2.500 |     0.000 |       0.000 |      0.000 |
| Vcco18    |       1.800 |     0.000 |       0.000 |      0.000 |
| Vcco15    |       1.500 |     0.000 |       0.000 |      0.000 |
| Vcco135   |       1.350 |     0.000 |       0.000 |      0.000 |
| Vcco12    |       1.200 |     0.000 |       0.000 |      0.000 |
| Vccaux_io |       1.800 |     0.000 |       0.000 |      0.000 |
| Vccbram   |       1.000 |     0.296 |       0.270 |      0.026 |
| MGTAVcc   |       1.000 |     0.000 |       0.000 |      0.000 |
| MGTAVtt   |       1.200 |     0.000 |       0.000 |      0.000 |
| Vccadc    |       1.800 |     0.020 |       0.000 |      0.020 |
+-----------+-------------+-----------+-------------+------------+


1.3 Confidence Level
--------------------

+-----------------------------+------------+--------------------------------------------------------+--------------------------------------------------------------------------------------------------------------------+
| User Input Data             | Confidence | Details                                                | Action                                                                                                             |
+-----------------------------+------------+--------------------------------------------------------+--------------------------------------------------------------------------------------------------------------------+
| Design implementation state | High       | Design is routed                                       |                                                                                                                    |
| Clock nodes activity        | Low        | User specified less than 75% of clocks                 | Provide missing clock activity with a constraint file, simulation results or by editing the "By Clock Domain" view |
| I/O nodes activity          | Low        | More than 75% of inputs are missing user specification | Provide missing input activity with simulation results or by editing the "By Resource Type -> I/Os" view           |
| Internal nodes activity     | Medium     | User specified less than 25% of internal nodes         | Provide missing internal nodes activity with simulation results or by editing the "By Resource Type" views         |
| Device models               | High       | Device models are Production                           |                                                                                                                    |
|                             |            |                                                        |                                                                                                                    |
| Overall confidence level    | Low        |                                                        |                                                                                                                    |
+-----------------------------+------------+--------------------------------------------------------+--------------------------------------------------------------------------------------------------------------------+


2. Settings
-----------

2.1 Environment
---------------

+-----------------------+--------------------------+
| Ambient Temp (C)      | 25.0                     |
| ThetaJA (C/W)         | 4.6                      |
| Airflow (LFM)         | 250                      |
| Heat Sink             | medium (Medium Profile)  |
| ThetaSA (C/W)         | 4.6                      |
| Board Selection       | medium (10"x10")         |
| # of Board Layers     | 12to15 (12 to 15 Layers) |
| Board Temperature (C) | 25.0                     |
+-----------------------+--------------------------+


2.2 Clock Constraints
---------------------

+-------+--------+-----------------+
| Clock | Domain | Constraint (ns) |
+-------+--------+-----------------+


3. Detailed Reports
-------------------

3.1 By Hierarchy
----------------

+-------------------------------+-----------+
| Name                          | Power (W) |
+-------------------------------+-----------+
| nexys4ddr                     |    37.485 |
|   CamaraVGADriver             |     9.712 |
|     Cam                       |     2.108 |
|     Camara                    |     1.591 |
|     Mapa                      |     0.013 |
|     VGA                       |     0.872 |
|     clk25_24                  |     4.134 |
|   picorv32                    |     8.268 |
|     cpuregs_reg_r1_0_63_0_2   |     0.025 |
|     cpuregs_reg_r1_0_63_12_14 |     0.018 |
|     cpuregs_reg_r1_0_63_15_17 |     0.019 |
|     cpuregs_reg_r1_0_63_18_20 |     0.020 |
|     cpuregs_reg_r1_0_63_21_23 |     0.010 |
|     cpuregs_reg_r1_0_63_24_26 |     0.015 |
|     cpuregs_reg_r1_0_63_27_29 |     0.018 |
|     cpuregs_reg_r1_0_63_30_31 |     0.013 |
|     cpuregs_reg_r1_0_63_3_5   |     0.024 |
|     cpuregs_reg_r1_0_63_6_8   |     0.011 |
|     cpuregs_reg_r1_0_63_9_11  |     0.018 |
|     cpuregs_reg_r2_0_63_0_2   |     0.030 |
|     cpuregs_reg_r2_0_63_12_14 |     0.038 |
|     cpuregs_reg_r2_0_63_15_17 |     0.027 |
|     cpuregs_reg_r2_0_63_18_20 |     0.032 |
|     cpuregs_reg_r2_0_63_21_23 |     0.021 |
|     cpuregs_reg_r2_0_63_24_26 |     0.029 |
|     cpuregs_reg_r2_0_63_27_29 |     0.028 |
|     cpuregs_reg_r2_0_63_30_31 |     0.021 |
|     cpuregs_reg_r2_0_63_3_5   |     0.037 |
|     cpuregs_reg_r2_0_63_6_8   |     0.032 |
|     cpuregs_reg_r2_0_63_9_11  |     0.034 |
|     pcpi_div                  |     1.510 |
|     pcpi_mul                  |     0.605 |
|   servo_radar                 |     0.346 |
|   ultrasonido                 |     2.686 |
+-------------------------------+-----------+


