#-----------------------------------------------------------
# Vivado v2019.2 (64-bit)
# SW Build 2708876 on Wed Nov  6 21:39:14 MST 2019
# IP Build 2700528 on Thu Nov  7 00:09:20 MST 2019
# Start of session at: Thu Feb 10 19:30:43 2022
# Process ID: 20129
# Current directory: /home/gmojicar/Escritorio/Digital_II/Proyecto/Proyecto_Grupo_4/wp04-2021-2-gr04-main/SoC_project/build/nexys4ddr/gateware
# Command line: vivado -mode batch -source nexys4ddr.tcl
# Log file: /home/gmojicar/Escritorio/Digital_II/Proyecto/Proyecto_Grupo_4/wp04-2021-2-gr04-main/SoC_project/build/nexys4ddr/gateware/vivado.log
# Journal file: /home/gmojicar/Escritorio/Digital_II/Proyecto/Proyecto_Grupo_4/wp04-2021-2-gr04-main/SoC_project/build/nexys4ddr/gateware/vivado.jou
#-----------------------------------------------------------
source nexys4ddr.tcl
# create_project -force -name nexys4ddr -part xc7a100t-CSG324-1
# set_msg_config -id {Common 17-55} -new_severity {Warning}
# read_verilog {/home/gmojicar/Escritorio/Digital_II/Proyecto/Proyecto_Grupo_4/wp04-2021-2-gr04-main/SoC_project/module/verilog/infrarrojo/infrarrojo.v}
# read_verilog {/home/gmojicar/Escritorio/Digital_II/Proyecto/Proyecto_Grupo_4/wp04-2021-2-gr04-main/SoC_project/module/verilog/motor/ruedas.v}
# read_verilog {/home/gmojicar/Escritorio/Digital_II/Proyecto/Proyecto_Grupo_4/wp04-2021-2-gr04-main/SoC_project/module/verilog/radar/servo_radar.v}
# read_verilog {/home/gmojicar/Escritorio/Digital_II/Proyecto/Proyecto_Grupo_4/wp04-2021-2-gr04-main/SoC_project/module/verilog/radar/ultrasonido.v}
# read_verilog {/home/gmojicar/Escritorio/Digital_II/Proyecto/Proyecto_Grupo_4/wp04-2021-2-gr04-main/SoC_project/module/verilog/VGA100/CamaraVGADriver.v}
# read_verilog {/home/gmojicar/Escritorio/Digital_II/Proyecto/Proyecto_Grupo_4/wp04-2021-2-gr04-main/SoC_project/module/verilog/VGA100/clk24_25_nexys4.v}
# read_verilog {/home/gmojicar/Escritorio/Digital_II/Proyecto/Proyecto_Grupo_4/wp04-2021-2-gr04-main/SoC_project/module/verilog/VGA100/DivisorFrecuencia.v}
# add_files {/home/gmojicar/Escritorio/Digital_II/Proyecto/Proyecto_Grupo_4/wp04-2021-2-gr04-main/SoC_project/module/verilog/VGA100/Im.mem}
# read_verilog {/home/gmojicar/Escritorio/Digital_II/Proyecto/Proyecto_Grupo_4/wp04-2021-2-gr04-main/SoC_project/module/verilog/VGA100/ImBuffer.v}
# read_verilog {/home/gmojicar/Escritorio/Digital_II/Proyecto/Proyecto_Grupo_4/wp04-2021-2-gr04-main/SoC_project/module/verilog/VGA100/ImBufferv2.v}
# add_files {/home/gmojicar/Escritorio/Digital_II/Proyecto/Proyecto_Grupo_4/wp04-2021-2-gr04-main/SoC_project/module/verilog/VGA100/Mapa.mem}
# add_files {/home/gmojicar/Escritorio/Digital_II/Proyecto/Proyecto_Grupo_4/wp04-2021-2-gr04-main/SoC_project/module/verilog/VGA100/Mapa2.mem}
# read_verilog {/home/gmojicar/Escritorio/Digital_II/Proyecto/Proyecto_Grupo_4/wp04-2021-2-gr04-main/SoC_project/module/verilog/VGA100/OV7670.v}
# read_verilog {/home/gmojicar/Escritorio/Digital_II/Proyecto/Proyecto_Grupo_4/wp04-2021-2-gr04-main/SoC_project/module/verilog/VGA100/VGA_driver.v}
# read_verilog {/usr/local/lib/python3.6/dist-packages/pythondata_cpu_picorv32-1.0.post153-py3.6.egg/pythondata_cpu_picorv32/verilog/picorv32.v}
# read_verilog {/home/gmojicar/Escritorio/Digital_II/Proyecto/Proyecto_Grupo_4/wp04-2021-2-gr04-main/SoC_project/build/nexys4ddr/gateware/nexys4ddr.v}
# read_xdc nexys4ddr.xdc
# set_property PROCESSING_ORDER EARLY [get_files nexys4ddr.xdc]
# synth_design -directive default -top nexys4ddr -part xc7a100t-CSG324-1
Command: synth_design -directive default -top nexys4ddr -part xc7a100t-CSG324-1
Starting synth_design
Attempting to get a license for feature 'Synthesis' and/or device 'xc7a100t'
INFO: [Common 17-349] Got license for feature 'Synthesis' and/or device 'xc7a100t'
INFO: [Device 21-403] Loading part xc7a100tcsg324-1
INFO: Launching helper process for spawning children vivado processes
INFO: Helper process launched with PID 20147 
---------------------------------------------------------------------------------
Starting RTL Elaboration : Time (s): cpu = 00:00:04 ; elapsed = 00:00:05 . Memory (MB): peak = 1914.293 ; gain = 202.684 ; free physical = 4607 ; free virtual = 13306
---------------------------------------------------------------------------------
INFO: [Synth 8-6157] synthesizing module 'nexys4ddr' [/home/gmojicar/Escritorio/Digital_II/Proyecto/Proyecto_Grupo_4/wp04-2021-2-gr04-main/SoC_project/build/nexys4ddr/gateware/nexys4ddr.v:20]
INFO: [Synth 8-5534] Detected attribute (* dont_touch = "true" *) [/home/gmojicar/Escritorio/Digital_II/Proyecto/Proyecto_Grupo_4/wp04-2021-2-gr04-main/SoC_project/build/nexys4ddr/gateware/nexys4ddr.v:646]
INFO: [Synth 8-5534] Detected attribute (* async_reg = "true" *) [/home/gmojicar/Escritorio/Digital_II/Proyecto/Proyecto_Grupo_4/wp04-2021-2-gr04-main/SoC_project/build/nexys4ddr/gateware/nexys4ddr.v:646]
INFO: [Synth 8-5534] Detected attribute (* dont_touch = "true" *) [/home/gmojicar/Escritorio/Digital_II/Proyecto/Proyecto_Grupo_4/wp04-2021-2-gr04-main/SoC_project/build/nexys4ddr/gateware/nexys4ddr.v:647]
INFO: [Synth 8-5534] Detected attribute (* async_reg = "true" *) [/home/gmojicar/Escritorio/Digital_II/Proyecto/Proyecto_Grupo_4/wp04-2021-2-gr04-main/SoC_project/build/nexys4ddr/gateware/nexys4ddr.v:647]
INFO: [Synth 8-5534] Detected attribute (* dont_touch = "true" *) [/home/gmojicar/Escritorio/Digital_II/Proyecto/Proyecto_Grupo_4/wp04-2021-2-gr04-main/SoC_project/build/nexys4ddr/gateware/nexys4ddr.v:648]
INFO: [Synth 8-5534] Detected attribute (* async_reg = "true" *) [/home/gmojicar/Escritorio/Digital_II/Proyecto/Proyecto_Grupo_4/wp04-2021-2-gr04-main/SoC_project/build/nexys4ddr/gateware/nexys4ddr.v:648]
INFO: [Synth 8-5534] Detected attribute (* dont_touch = "true" *) [/home/gmojicar/Escritorio/Digital_II/Proyecto/Proyecto_Grupo_4/wp04-2021-2-gr04-main/SoC_project/build/nexys4ddr/gateware/nexys4ddr.v:649]
INFO: [Synth 8-5534] Detected attribute (* async_reg = "true" *) [/home/gmojicar/Escritorio/Digital_II/Proyecto/Proyecto_Grupo_4/wp04-2021-2-gr04-main/SoC_project/build/nexys4ddr/gateware/nexys4ddr.v:649]
INFO: [Synth 8-3876] $readmem data file 'mem.init' is read successfully [/home/gmojicar/Escritorio/Digital_II/Proyecto/Proyecto_Grupo_4/wp04-2021-2-gr04-main/SoC_project/build/nexys4ddr/gateware/nexys4ddr.v:1968]
INFO: [Synth 8-3876] $readmem data file 'mem_1.init' is read successfully [/home/gmojicar/Escritorio/Digital_II/Proyecto/Proyecto_Grupo_4/wp04-2021-2-gr04-main/SoC_project/build/nexys4ddr/gateware/nexys4ddr.v:1983]
INFO: [Synth 8-3876] $readmem data file 'mem_2.init' is read successfully [/home/gmojicar/Escritorio/Digital_II/Proyecto/Proyecto_Grupo_4/wp04-2021-2-gr04-main/SoC_project/build/nexys4ddr/gateware/nexys4ddr.v:2006]
INFO: [Synth 8-155] case statement is not full and has no default [/home/gmojicar/Escritorio/Digital_II/Proyecto/Proyecto_Grupo_4/wp04-2021-2-gr04-main/SoC_project/build/nexys4ddr/gateware/nexys4ddr.v:1627]
INFO: [Synth 8-155] case statement is not full and has no default [/home/gmojicar/Escritorio/Digital_II/Proyecto/Proyecto_Grupo_4/wp04-2021-2-gr04-main/SoC_project/build/nexys4ddr/gateware/nexys4ddr.v:1661]
INFO: [Synth 8-155] case statement is not full and has no default [/home/gmojicar/Escritorio/Digital_II/Proyecto/Proyecto_Grupo_4/wp04-2021-2-gr04-main/SoC_project/build/nexys4ddr/gateware/nexys4ddr.v:1670]
INFO: [Synth 8-155] case statement is not full and has no default [/home/gmojicar/Escritorio/Digital_II/Proyecto/Proyecto_Grupo_4/wp04-2021-2-gr04-main/SoC_project/build/nexys4ddr/gateware/nexys4ddr.v:1693]
INFO: [Synth 8-155] case statement is not full and has no default [/home/gmojicar/Escritorio/Digital_II/Proyecto/Proyecto_Grupo_4/wp04-2021-2-gr04-main/SoC_project/build/nexys4ddr/gateware/nexys4ddr.v:1709]
INFO: [Synth 8-155] case statement is not full and has no default [/home/gmojicar/Escritorio/Digital_II/Proyecto/Proyecto_Grupo_4/wp04-2021-2-gr04-main/SoC_project/build/nexys4ddr/gateware/nexys4ddr.v:1718]
INFO: [Synth 8-155] case statement is not full and has no default [/home/gmojicar/Escritorio/Digital_II/Proyecto/Proyecto_Grupo_4/wp04-2021-2-gr04-main/SoC_project/build/nexys4ddr/gateware/nexys4ddr.v:1730]
INFO: [Synth 8-155] case statement is not full and has no default [/home/gmojicar/Escritorio/Digital_II/Proyecto/Proyecto_Grupo_4/wp04-2021-2-gr04-main/SoC_project/build/nexys4ddr/gateware/nexys4ddr.v:1742]
INFO: [Synth 8-155] case statement is not full and has no default [/home/gmojicar/Escritorio/Digital_II/Proyecto/Proyecto_Grupo_4/wp04-2021-2-gr04-main/SoC_project/build/nexys4ddr/gateware/nexys4ddr.v:1754]
INFO: [Synth 8-155] case statement is not full and has no default [/home/gmojicar/Escritorio/Digital_II/Proyecto/Proyecto_Grupo_4/wp04-2021-2-gr04-main/SoC_project/build/nexys4ddr/gateware/nexys4ddr.v:1809]
INFO: [Synth 8-155] case statement is not full and has no default [/home/gmojicar/Escritorio/Digital_II/Proyecto/Proyecto_Grupo_4/wp04-2021-2-gr04-main/SoC_project/build/nexys4ddr/gateware/nexys4ddr.v:1851]
INFO: [Synth 8-6157] synthesizing module 'servo_radar' [/home/gmojicar/Escritorio/Digital_II/Proyecto/Proyecto_Grupo_4/wp04-2021-2-gr04-main/SoC_project/module/verilog/radar/servo_radar.v:23]
INFO: [Synth 8-6155] done synthesizing module 'servo_radar' (1#1) [/home/gmojicar/Escritorio/Digital_II/Proyecto/Proyecto_Grupo_4/wp04-2021-2-gr04-main/SoC_project/module/verilog/radar/servo_radar.v:23]
ERROR: [Synth 8-439] module 'ultrasonido' not found [/home/gmojicar/Escritorio/Digital_II/Proyecto/Proyecto_Grupo_4/wp04-2021-2-gr04-main/SoC_project/build/nexys4ddr/gateware/nexys4ddr.v:2071]
ERROR: [Synth 8-6156] failed synthesizing module 'nexys4ddr' [/home/gmojicar/Escritorio/Digital_II/Proyecto/Proyecto_Grupo_4/wp04-2021-2-gr04-main/SoC_project/build/nexys4ddr/gateware/nexys4ddr.v:20]
---------------------------------------------------------------------------------
Finished RTL Elaboration : Time (s): cpu = 00:00:05 ; elapsed = 00:00:06 . Memory (MB): peak = 1978.012 ; gain = 266.402 ; free physical = 4641 ; free virtual = 13343
---------------------------------------------------------------------------------
RTL Elaboration failed
INFO: [Common 17-83] Releasing license: Synthesis
28 Infos, 0 Warnings, 0 Critical Warnings and 3 Errors encountered.
synth_design failed
ERROR: [Common 17-69] Command failed: Synthesis failed - please see the console or run log file for details
INFO: [Common 17-206] Exiting Vivado at Thu Feb 10 19:31:07 2022...
